
> my-phylo@0.0.0 dev
> vite --host 0.0.0.0 --port 5173


  ROLLDOWN-VITE v7.1.14  ready in 614 ms

  ➜  Local:   http://localhost:5173/
  ➜  Network: http://192.168.50.34:5173/
  ➜  Network: http://172.17.0.1:5173/
1:07:00 PM [vite] (client) hmr update /src/TreeEditor.tsx, /src/index.css
1:07:00 PM [vite] (client) hmr update /src/index.css
1:07:00 PM [vite] (client) hmr update /src/index.css
2:47:00 PM [vite] (client) hmr update /src/TreeEditor.tsx, /src/index.css
2:47:00 PM [vite] (client) hmr update /src/index.css
2:47:01 PM [vite] (client) hmr update /src/index.css
2:47:01 PM [vite] (client) hmr update /src/index.css
2:47:01 PM [vite] (client) hmr update /src/index.css
2:47:05 PM [vite] (client) hmr update /src/TreeEditor.tsx, /src/index.css
2:47:05 PM [vite] (client) hmr update /src/index.css
2:47:11 PM [vite] (client) hmr update /src/TreeEditor.tsx, /src/index.css
2:47:11 PM [vite] (client) hmr update /src/index.css
2:47:11 PM [vite] (client) hmr update /src/index.css
2:47:11 PM [vite] (client) hmr update /src/index.css
6:55:56 PM [vite] (client) hmr update /src/TreeEditor.tsx, /src/index.css
6:55:56 PM [vite] (client) hmr update /src/index.css
6:55:56 PM [vite] (client) hmr update /src/index.css
6:55:56 PM [vite] (client) hmr update /src/index.css
6:55:56 PM [vite] (client) hmr update /src/index.css
6:55:56 PM [vite] (client) hmr update /src/index.css
6:55:56 PM [vite] (client) hmr update /src/index.css
6:56:11 PM [vite] (client) hmr update /src/TreeEditor.tsx, /src/index.css
6:56:11 PM [vite] (client) hmr update /src/index.css
6:56:11 PM [vite] (client) hmr update /src/index.css
6:56:11 PM [vite] (client) hmr update /src/index.css
6:56:38 PM [vite] (client) hmr update /src/TreeEditor.tsx, /src/index.css
6:56:38 PM [vite] (client) hmr update /src/index.css
6:56:38 PM [vite] (client) hmr update /src/index.css
6:56:38 PM [vite] (client) hmr update /src/index.css
6:56:38 PM [vite] (client) hmr update /src/index.css
6:56:38 PM [vite] (client) hmr update /src/index.css
6:56:38 PM [vite] (client) hmr update /src/index.css
6:56:38 PM [vite] (client) hmr update /src/index.css
6:56:38 PM [vite] (client) hmr update /src/index.css
6:56:39 PM [vite] (client) hmr update /src/index.css
6:56:39 PM [vite] (client) hmr update /src/index.css
6:56:39 PM [vite] (client) hmr update /src/index.css
6:56:47 PM [vite] (client) hmr update /src/TreeEditor.tsx, /src/index.css
6:56:47 PM [vite] (client) hmr update /src/index.css
6:56:47 PM [vite] (client) hmr update /src/index.css
6:56:47 PM [vite] (client) hmr update /src/index.css
6:56:47 PM [vite] (client) hmr update /src/index.css
6:56:47 PM [vite] (client) hmr update /src/index.css
6:56:47 PM [vite] (client) hmr update /src/index.css
6:56:47 PM [vite] (client) hmr update /src/index.css
6:56:47 PM [vite] (client) hmr update /src/index.css
6:56:48 PM [vite] (client) hmr update /src/index.css
6:56:48 PM [vite] (client) hmr update /src/index.css
6:56:48 PM [vite] (client) hmr update /src/index.css
6:56:48 PM [vite] (client) hmr update /src/index.css
6:56:48 PM [vite] (client) hmr update /src/index.css
6:56:48 PM [vite] (client) hmr update /src/index.css
6:56:48 PM [vite] (client) hmr update /src/index.css
6:56:48 PM [vite] (client) hmr update /src/index.css
6:56:48 PM [vite] (client) hmr update /src/index.css
6:56:49 PM [vite] (client) hmr update /src/index.css
6:56:49 PM [vite] (client) hmr update /src/index.css
6:56:49 PM [vite] (client) hmr update /src/index.css
6:56:49 PM [vite] (client) hmr update /src/index.css
6:56:49 PM [vite] (client) hmr update /src/index.css
6:56:49 PM [vite] (client) hmr update /src/index.css
6:56:49 PM [vite] (client) hmr update /src/index.css
6:56:49 PM [vite] (client) hmr update /src/index.css
6:57:02 PM [vite] (client) hmr update /src/TreeEditor.tsx, /src/index.css
6:57:02 PM [vite] (client) hmr update /src/index.css
6:57:02 PM [vite] (client) hmr update /src/index.css
6:57:02 PM [vite] (client) hmr update /src/index.css
6:57:02 PM [vite] (client) hmr update /src/index.css
6:57:02 PM [vite] (client) hmr update /src/index.css
6:57:02 PM [vite] (client) hmr update /src/index.css
6:57:03 PM [vite] (client) hmr update /src/index.css
6:57:19 PM [vite] (client) hmr update /src/TreeEditor.tsx, /src/index.css
6:57:20 PM [vite] (client) hmr update /src/index.css
6:57:26 PM [vite] (client) hmr update /src/TreeEditor.tsx, /src/index.css
6:57:26 PM [vite] (client) hmr update /src/index.css
6:57:57 PM [vite] (client) hmr update /src/TreeEditor.tsx, /src/index.css
6:57:57 PM [vite] (client) hmr update /src/index.css
6:57:57 PM [vite] (client) hmr update /src/index.css
6:57:58 PM [vite] (client) hmr update /src/index.css
6:58:32 PM [vite] (client) hmr update /src/TreeEditor.tsx, /src/index.css
6:58:32 PM [vite] (client) hmr update /src/index.css
6:58:32 PM [vite] (client) hmr update /src/index.css
6:58:32 PM [vite] (client) hmr update /src/index.css
6:58:32 PM [vite] (client) hmr update /src/index.css
6:59:13 PM [vite] (client) hmr update /src/TreeEditor.tsx, /src/index.css
6:59:13 PM [vite] (client) hmr update /src/index.css
6:59:13 PM [vite] (client) hmr update /src/index.css
6:59:13 PM [vite] (client) hmr update /src/index.css
6:59:13 PM [vite] (client) hmr update /src/index.css
6:59:13 PM [vite] (client) hmr update /src/index.css
6:59:14 PM [vite] (client) hmr update /src/index.css
6:59:14 PM [vite] (client) hmr update /src/index.css
6:59:14 PM [vite] (client) hmr update /src/index.css
6:59:45 PM [vite] (client) hmr update /src/TreeEditor.tsx, /src/index.css
6:59:45 PM [vite] (client) hmr update /src/index.css
6:59:45 PM [vite] (client) hmr update /src/index.css
6:59:46 PM [vite] (client) hmr update /src/index.css
6:59:46 PM [vite] (client) hmr update /src/index.css
7:00:05 PM [vite] (client) hmr update /src/TreeEditor.tsx, /src/index.css
7:00:05 PM [vite] (client) hmr update /src/index.css
7:00:05 PM [vite] (client) hmr update /src/index.css
7:00:05 PM [vite] (client) hmr update /src/index.css
7:00:17 PM [vite] (client) hmr update /src/TreeEditor.tsx, /src/index.css
7:00:17 PM [vite] (client) hmr update /src/index.css
7:00:17 PM [vite] (client) hmr update /src/index.css
7:00:18 PM [vite] (client) hmr update /src/index.css
7:00:45 PM [vite] (client) hmr update /src/TreeEditor.tsx, /src/index.css
7:00:45 PM [vite] (client) hmr update /src/index.css
7:00:45 PM [vite] (client) hmr update /src/index.css
7:00:45 PM [vite] (client) hmr update /src/index.css
7:00:54 PM [vite] (client) hmr update /src/TreeEditor.tsx, /src/index.css
7:00:54 PM [vite] (client) hmr update /src/index.css
7:00:54 PM [vite] (client) hmr update /src/index.css
7:00:54 PM [vite] (client) hmr update /src/index.css
7:01:56 PM [vite] (client) hmr update /src/TreeEditor.tsx, /src/index.css
7:01:56 PM [vite] (client) hmr update /src/index.css
7:01:56 PM [vite] (client) hmr update /src/index.css
7:01:56 PM [vite] (client) hmr update /src/index.css
7:01:56 PM [vite] (client) hmr update /src/index.css
7:02:25 PM [vite] (client) hmr update /src/TreeEditor.tsx, /src/index.css
7:02:25 PM [vite] (client) hmr update /src/index.css
7:02:25 PM [vite] (client) hmr update /src/index.css
7:02:25 PM [vite] (client) hmr update /src/index.css
7:03:32 PM [vite] (client) hmr update /src/TreeEditor.tsx, /src/index.css
7:03:32 PM [vite] (client) hmr update /src/index.css
7:03:32 PM [vite] (client) hmr update /src/index.css
7:03:32 PM [vite] (client) hmr update /src/index.css
7:03:32 PM [vite] (client) hmr update /src/index.css
7:12:04 PM [vite] (client) hmr update /src/TreeEditor.tsx, /src/index.css
7:12:04 PM [vite] (client) hmr update /src/index.css
7:12:04 PM [vite] (client) hmr update /src/index.css
7:12:04 PM [vite] (client) hmr update /src/index.css
7:12:04 PM [vite] (client) hmr update /src/index.css
7:12:13 PM [vite] (client) hmr update /src/TreeEditor.tsx, /src/index.css
7:12:13 PM [vite] (client) hmr update /src/index.css
7:12:21 PM [vite] (client) hmr update /src/TreeEditor.tsx, /src/index.css
7:12:22 PM [vite] (client) hmr update /src/index.css
7:12:33 PM [vite] (client) hmr update /src/TreeEditor.tsx, /src/index.css
7:12:33 PM [vite] (client) hmr update /src/index.css
7:19:40 PM [vite] (client) hmr update /src/TreeEditor.tsx, /src/index.css
7:19:40 PM [vite] (client) hmr update /src/index.css
7:19:40 PM [vite] (client) hmr update /src/index.css
7:19:40 PM [vite] (client) hmr update /src/index.css
7:19:40 PM [vite] (client) hmr update /src/index.css
7:19:40 PM [vite] (client) hmr update /src/index.css
7:19:41 PM [vite] (client) hmr update /src/index.css
7:19:41 PM [vite] (client) hmr update /src/index.css
7:19:41 PM [vite] (client) hmr update /src/index.css
7:19:41 PM [vite] (client) hmr update /src/index.css
7:19:41 PM [vite] (client) hmr update /src/index.css
7:19:41 PM [vite] (client) hmr update /src/index.css
7:19:41 PM [vite] (client) hmr update /src/index.css
7:19:41 PM [vite] (client) hmr update /src/index.css
7:19:41 PM [vite] (client) hmr update /src/index.css
7:19:41 PM [vite] (client) hmr update /src/index.css
7:19:42 PM [vite] (client) hmr update /src/index.css
7:19:42 PM [vite] (client) hmr update /src/index.css
7:19:42 PM [vite] (client) hmr update /src/index.css
7:19:42 PM [vite] (client) hmr update /src/index.css
7:19:42 PM [vite] (client) hmr update /src/index.css
7:19:42 PM [vite] (client) hmr update /src/index.css
7:19:43 PM [vite] (client) hmr update /src/index.css
7:19:43 PM [vite] (client) hmr update /src/index.css
7:19:43 PM [vite] (client) hmr update /src/index.css
7:19:43 PM [vite] (client) hmr update /src/index.css
7:19:43 PM [vite] (client) hmr update /src/index.css
7:19:43 PM [vite] (client) hmr update /src/index.css
7:19:43 PM [vite] (client) hmr update /src/index.css
7:19:44 PM [vite] (client) hmr update /src/index.css
7:19:44 PM [vite] (client) hmr update /src/index.css
7:19:44 PM [vite] (client) hmr update /src/index.css
7:19:44 PM [vite] (client) hmr update /src/index.css
7:19:44 PM [vite] (client) hmr update /src/index.css
7:19:44 PM [vite] (client) hmr update /src/index.css
7:19:44 PM [vite] (client) hmr update /src/index.css
7:19:45 PM [vite] (client) hmr update /src/index.css
7:19:45 PM [vite] (client) hmr update /src/index.css
7:19:45 PM [vite] (client) hmr update /src/index.css
7:19:45 PM [vite] (client) hmr update /src/index.css
7:19:45 PM [vite] (client) hmr update /src/index.css
7:19:45 PM [vite] (client) hmr update /src/index.css
7:19:45 PM [vite] (client) hmr update /src/index.css
7:19:46 PM [vite] (client) hmr update /src/index.css
7:19:46 PM [vite] (client) hmr update /src/index.css
7:19:46 PM [vite] (client) hmr update /src/index.css
7:19:46 PM [vite] (client) hmr update /src/index.css
7:19:46 PM [vite] (client) hmr update /src/index.css
7:19:46 PM [vite] (client) hmr update /src/index.css
7:19:46 PM [vite] (client) hmr update /src/index.css
7:19:47 PM [vite] (client) hmr update /src/index.css
7:19:47 PM [vite] (client) hmr update /src/TreeEditor.tsx, /src/index.css
7:19:47 PM [vite] (client) hmr update /src/index.css
7:19:47 PM [vite] (client) hmr update /src/index.css
7:19:48 PM [vite] (client) hmr update /src/index.css
7:19:48 PM [vite] (client) hmr update /src/index.css
7:19:48 PM [vite] (client) hmr update /src/index.css
7:19:48 PM [vite] (client) hmr update /src/index.css
7:19:48 PM [vite] (client) hmr update /src/index.css
7:19:48 PM [vite] (client) hmr update /src/index.css
7:19:49 PM [vite] (client) hmr update /src/index.css
7:19:49 PM [vite] (client) hmr update /src/index.css
7:19:49 PM [vite] (client) hmr update /src/index.css
7:19:49 PM [vite] (client) hmr update /src/index.css
7:19:49 PM [vite] (client) hmr update /src/index.css
7:19:49 PM [vite] (client) hmr update /src/index.css
7:19:49 PM [vite] (client) hmr update /src/index.css
7:19:49 PM [vite] (client) hmr update /src/index.css
7:19:50 PM [vite] (client) hmr update /src/index.css
7:19:50 PM [vite] (client) hmr update /src/index.css
7:19:50 PM [vite] (client) hmr update /src/index.css
7:19:50 PM [vite] (client) hmr update /src/index.css
7:19:50 PM [vite] (client) hmr update /src/index.css
7:19:50 PM [vite] (client) hmr update /src/index.css
7:19:50 PM [vite] (client) hmr update /src/index.css
7:19:51 PM [vite] (client) hmr update /src/index.css
7:19:51 PM [vite] (client) hmr update /src/index.css
7:19:51 PM [vite] (client) hmr update /src/index.css
7:19:51 PM [vite] (client) hmr update /src/index.css
7:19:51 PM [vite] (client) hmr update /src/index.css
7:19:52 PM [vite] (client) hmr update /src/index.css
7:19:52 PM [vite] (client) hmr update /src/index.css
7:19:52 PM [vite] (client) hmr update /src/index.css
7:19:52 PM [vite] (client) hmr update /src/index.css
7:19:52 PM [vite] (client) hmr update /src/index.css
7:19:52 PM [vite] (client) hmr update /src/index.css
7:19:53 PM [vite] (client) hmr update /src/index.css
7:19:53 PM [vite] (client) hmr update /src/index.css
7:19:53 PM [vite] (client) hmr update /src/index.css
7:19:53 PM [vite] (client) hmr update /src/index.css
7:19:53 PM [vite] (client) hmr update /src/index.css
7:19:53 PM [vite] (client) hmr update /src/index.css
7:19:54 PM [vite] (client) hmr update /src/index.css
7:19:54 PM [vite] (client) hmr update /src/index.css
7:19:54 PM [vite] (client) hmr update /src/index.css
7:19:54 PM [vite] (client) hmr update /src/index.css
7:19:54 PM [vite] (client) hmr update /src/index.css
7:19:54 PM [vite] (client) hmr update /src/index.css
7:19:55 PM [vite] (client) hmr update /src/index.css
7:19:55 PM [vite] (client) hmr update /src/TreeEditor.tsx, /src/index.css
7:19:55 PM [vite] (client) hmr update /src/index.css
7:19:55 PM [vite] (client) hmr update /src/index.css
7:19:56 PM [vite] (client) hmr update /src/index.css
7:19:56 PM [vite] (client) hmr update /src/index.css
7:19:56 PM [vite] (client) hmr update /src/index.css
7:19:56 PM [vite] (client) hmr update /src/index.css
7:19:56 PM [vite] (client) hmr update /src/index.css
7:19:56 PM [vite] (client) hmr update /src/index.css
7:19:56 PM [vite] (client) hmr update /src/index.css
7:19:56 PM [vite] (client) hmr update /src/index.css
7:19:57 PM [vite] (client) hmr update /src/index.css
7:19:57 PM [vite] (client) hmr update /src/index.css
7:19:57 PM [vite] (client) hmr update /src/index.css
7:19:57 PM [vite] (client) hmr update /src/index.css
7:19:57 PM [vite] (client) hmr update /src/index.css
7:19:57 PM [vite] (client) hmr update /src/index.css
7:19:58 PM [vite] (client) hmr update /src/index.css
7:19:58 PM [vite] (client) hmr update /src/index.css
7:19:58 PM [vite] (client) hmr update /src/index.css
7:19:58 PM [vite] (client) hmr update /src/index.css
7:19:58 PM [vite] (client) hmr update /src/index.css
7:19:58 PM [vite] (client) hmr update /src/index.css
7:19:59 PM [vite] (client) hmr update /src/index.css
7:19:59 PM [vite] (client) hmr update /src/index.css
7:19:59 PM [vite] (client) hmr update /src/index.css
7:19:59 PM [vite] (client) hmr update /src/index.css
7:19:59 PM [vite] (client) hmr update /src/index.css
7:19:59 PM [vite] (client) hmr update /src/index.css
7:19:59 PM [vite] (client) hmr update /src/index.css
7:20:00 PM [vite] (client) hmr update /src/index.css
7:20:00 PM [vite] (client) hmr update /src/index.css
7:20:00 PM [vite] (client) hmr update /src/index.css
7:20:00 PM [vite] (client) hmr update /src/index.css
7:20:00 PM [vite] (client) hmr update /src/index.css
7:20:00 PM [vite] (client) hmr update /src/index.css
7:20:00 PM [vite] (client) hmr update /src/index.css
7:20:01 PM [vite] (client) hmr update /src/index.css
7:20:01 PM [vite] (client) hmr update /src/index.css
7:20:01 PM [vite] (client) hmr update /src/index.css
7:20:01 PM [vite] (client) hmr update /src/index.css
7:20:01 PM [vite] (client) hmr update /src/index.css
7:20:01 PM [vite] (client) hmr update /src/index.css
7:20:01 PM [vite] (client) hmr update /src/index.css
7:20:01 PM [vite] (client) hmr update /src/index.css
7:20:02 PM [vite] (client) hmr update /src/index.css
7:20:02 PM [vite] (client) hmr update /src/TreeEditor.tsx, /src/index.css
7:20:02 PM [vite] (client) hmr update /src/index.css
7:20:02 PM [vite] (client) hmr update /src/index.css
7:20:02 PM [vite] (client) hmr update /src/index.css
7:20:03 PM [vite] (client) hmr update /src/index.css
7:20:03 PM [vite] (client) hmr update /src/index.css
7:20:03 PM [vite] (client) hmr update /src/index.css
7:20:03 PM [vite] (client) hmr update /src/index.css
7:20:03 PM [vite] (client) hmr update /src/index.css
7:20:04 PM [vite] (client) hmr update /src/index.css
7:20:04 PM [vite] (client) hmr update /src/index.css
7:20:04 PM [vite] (client) hmr update /src/index.css
7:20:04 PM [vite] (client) hmr update /src/index.css
7:20:04 PM [vite] (client) hmr update /src/index.css
7:20:04 PM [vite] (client) hmr update /src/index.css
7:20:05 PM [vite] (client) hmr update /src/index.css
7:20:05 PM [vite] (client) hmr update /src/index.css
7:20:05 PM [vite] (client) hmr update /src/index.css
7:20:05 PM [vite] (client) hmr update /src/index.css
7:20:05 PM [vite] (client) hmr update /src/index.css
7:20:05 PM [vite] (client) hmr update /src/index.css
7:20:06 PM [vite] (client) hmr update /src/index.css
7:20:06 PM [vite] (client) hmr update /src/index.css
7:20:06 PM [vite] (client) hmr update /src/index.css
7:20:06 PM [vite] (client) hmr update /src/index.css
7:20:06 PM [vite] (client) hmr update /src/index.css
7:20:06 PM [vite] (client) hmr update /src/index.css
7:20:06 PM [vite] (client) hmr update /src/index.css
7:20:06 PM [vite] (client) hmr update /src/index.css
7:20:07 PM [vite] (client) hmr update /src/index.css
7:20:07 PM [vite] (client) hmr update /src/index.css
7:20:07 PM [vite] (client) hmr update /src/index.css
7:20:07 PM [vite] (client) hmr update /src/index.css
7:20:07 PM [vite] (client) hmr update /src/index.css
7:20:07 PM [vite] (client) hmr update /src/index.css
7:20:08 PM [vite] (client) hmr update /src/index.css
7:20:08 PM [vite] (client) hmr update /src/index.css
7:20:08 PM [vite] (client) hmr update /src/index.css
7:20:08 PM [vite] (client) hmr update /src/index.css
7:20:08 PM [vite] (client) hmr update /src/index.css
7:20:08 PM [vite] (client) hmr update /src/index.css
7:20:08 PM [vite] (client) hmr update /src/index.css
7:20:09 PM [vite] (client) hmr update /src/index.css
7:20:09 PM [vite] (client) hmr update /src/index.css
7:20:09 PM [vite] (client) hmr update /src/index.css
7:20:09 PM [vite] (client) hmr update /src/index.css
7:20:09 PM [vite] (client) hmr update /src/index.css
7:20:09 PM [vite] (client) hmr update /src/index.css
7:20:09 PM [vite] (client) hmr update /src/index.css
7:20:10 PM [vite] (client) hmr update /src/index.css
7:20:10 PM [vite] (client) hmr update /src/TreeEditor.tsx, /src/index.css
7:20:10 PM [vite] (client) hmr update /src/index.css
7:20:10 PM [vite] (client) hmr update /src/index.css
7:20:10 PM [vite] (client) hmr update /src/index.css
7:20:10 PM [vite] (client) hmr update /src/index.css
7:20:11 PM [vite] (client) hmr update /src/index.css
7:20:11 PM [vite] (client) hmr update /src/index.css
7:20:11 PM [vite] (client) hmr update /src/index.css
7:20:11 PM [vite] (client) hmr update /src/index.css
7:20:11 PM [vite] (client) hmr update /src/index.css
7:20:11 PM [vite] (client) hmr update /src/index.css
7:20:12 PM [vite] (client) hmr update /src/index.css
7:20:12 PM [vite] (client) hmr update /src/index.css
7:20:12 PM [vite] (client) hmr update /src/index.css
7:20:12 PM [vite] (client) hmr update /src/index.css
7:20:12 PM [vite] (client) hmr update /src/index.css
7:20:12 PM [vite] (client) hmr update /src/index.css
7:20:12 PM [vite] (client) hmr update /src/index.css
7:20:12 PM [vite] (client) hmr update /src/index.css
7:20:13 PM [vite] (client) hmr update /src/index.css
7:20:13 PM [vite] (client) hmr update /src/index.css
7:20:13 PM [vite] (client) hmr update /src/index.css
7:20:13 PM [vite] (client) hmr update /src/index.css
7:20:13 PM [vite] (client) hmr update /src/index.css
7:20:13 PM [vite] (client) hmr update /src/index.css
7:20:14 PM [vite] (client) hmr update /src/index.css
7:20:14 PM [vite] (client) hmr update /src/index.css
7:20:14 PM [vite] (client) hmr update /src/index.css
7:20:14 PM [vite] (client) hmr update /src/index.css
7:20:14 PM [vite] (client) hmr update /src/index.css
7:20:14 PM [vite] (client) hmr update /src/index.css
7:20:15 PM [vite] (client) hmr update /src/index.css
7:20:15 PM [vite] (client) hmr update /src/index.css
7:20:15 PM [vite] (client) hmr update /src/index.css
7:20:15 PM [vite] (client) hmr update /src/index.css
7:20:15 PM [vite] (client) hmr update /src/index.css
7:20:15 PM [vite] (client) hmr update /src/index.css
7:20:15 PM [vite] (client) hmr update /src/index.css
7:20:15 PM [vite] (client) hmr update /src/index.css
7:20:16 PM [vite] (client) hmr update /src/index.css
7:20:16 PM [vite] (client) hmr update /src/index.css
7:20:16 PM [vite] (client) hmr update /src/index.css
7:20:16 PM [vite] (client) hmr update /src/index.css
7:20:16 PM [vite] (client) hmr update /src/index.css
7:20:16 PM [vite] (client) hmr update /src/index.css
7:20:16 PM [vite] (client) hmr update /src/index.css
7:20:17 PM [vite] (client) hmr update /src/index.css
7:20:17 PM [vite] (client) hmr update /src/index.css
7:20:17 PM [vite] (client) hmr update /src/index.css
7:20:17 PM [vite] (client) hmr update /src/index.css
7:20:17 PM [vite] (client) hmr update /src/index.css
7:20:18 PM [vite] (client) hmr update /src/index.css
7:20:18 PM [vite] (client) hmr update /src/index.css
7:20:18 PM [vite] (client) hmr update /src/index.css
7:20:18 PM [vite] (client) hmr update /src/index.css
7:20:18 PM [vite] (client) hmr update /src/index.css
7:20:18 PM [vite] (client) hmr update /src/index.css
7:20:18 PM [vite] (client) hmr update /src/index.css
7:20:19 PM [vite] (client) hmr update /src/index.css
7:20:19 PM [vite] (client) hmr update /src/index.css
7:20:19 PM [vite] (client) hmr update /src/index.css
7:20:19 PM [vite] (client) hmr update /src/index.css
7:20:19 PM [vite] (client) hmr update /src/index.css
7:20:19 PM [vite] (client) hmr update /src/index.css
7:20:19 PM [vite] (client) hmr update /src/index.css
7:20:20 PM [vite] (client) hmr update /src/index.css
7:20:20 PM [vite] (client) hmr update /src/index.css
7:20:20 PM [vite] (client) hmr update /src/index.css
7:20:20 PM [vite] (client) hmr update /src/index.css
7:20:20 PM [vite] (client) hmr update /src/index.css
7:20:21 PM [vite] (client) hmr update /src/index.css
7:20:21 PM [vite] (client) hmr update /src/index.css
7:20:21 PM [vite] (client) hmr update /src/index.css
7:20:21 PM [vite] (client) hmr update /src/index.css
7:20:21 PM [vite] (client) hmr update /src/TreeEditor.tsx, /src/index.css
7:20:22 PM [vite] (client) hmr update /src/index.css
7:20:22 PM [vite] (client) hmr update /src/index.css
7:20:22 PM [vite] (client) hmr update /src/index.css
7:20:22 PM [vite] (client) hmr update /src/index.css
7:20:22 PM [vite] (client) hmr update /src/index.css
7:20:22 PM [vite] (client) hmr update /src/index.css
7:20:22 PM [vite] (client) hmr update /src/index.css
7:20:22 PM [vite] (client) hmr update /src/index.css
7:20:23 PM [vite] (client) hmr update /src/index.css
7:20:23 PM [vite] (client) hmr update /src/index.css
7:20:23 PM [vite] (client) hmr update /src/index.css
7:20:23 PM [vite] (client) hmr update /src/index.css
7:20:23 PM [vite] (client) hmr update /src/index.css
7:20:23 PM [vite] (client) hmr update /src/index.css
7:20:23 PM [vite] (client) hmr update /src/index.css
7:20:23 PM [vite] (client) hmr update /src/index.css
7:20:24 PM [vite] (client) hmr update /src/index.css
7:20:24 PM [vite] (client) hmr update /src/index.css
7:20:24 PM [vite] (client) hmr update /src/index.css
7:20:24 PM [vite] (client) hmr update /src/index.css
7:20:25 PM [vite] (client) hmr update /src/index.css
7:20:25 PM [vite] (client) hmr update /src/index.css
7:20:25 PM [vite] (client) hmr update /src/index.css
7:20:25 PM [vite] (client) hmr update /src/index.css
7:20:25 PM [vite] (client) hmr update /src/index.css
7:20:25 PM [vite] (client) hmr update /src/index.css
7:20:26 PM [vite] (client) hmr update /src/index.css
7:20:26 PM [vite] (client) hmr update /src/index.css
7:20:26 PM [vite] (client) hmr update /src/index.css
7:20:26 PM [vite] (client) hmr update /src/index.css
7:20:26 PM [vite] (client) hmr update /src/index.css
7:20:26 PM [vite] (client) hmr update /src/index.css
7:20:27 PM [vite] (client) hmr update /src/index.css
7:20:27 PM [vite] (client) hmr update /src/index.css
7:20:27 PM [vite] (client) hmr update /src/index.css
7:20:27 PM [vite] (client) hmr update /src/index.css
7:20:27 PM [vite] (client) hmr update /src/index.css
7:20:27 PM [vite] (client) hmr update /src/index.css
7:20:28 PM [vite] (client) hmr update /src/index.css
7:20:28 PM [vite] (client) hmr update /src/index.css
7:20:28 PM [vite] (client) hmr update /src/index.css
7:20:28 PM [vite] (client) hmr update /src/index.css
7:20:28 PM [vite] (client) hmr update /src/index.css
7:20:28 PM [vite] (client) hmr update /src/index.css
7:20:29 PM [vite] (client) hmr update /src/index.css
7:20:29 PM [vite] (client) hmr update /src/index.css
7:20:29 PM [vite] (client) hmr update /src/index.css
7:20:29 PM [vite] (client) hmr update /src/index.css
7:20:29 PM [vite] (client) hmr update /src/index.css
7:20:29 PM [vite] (client) hmr update /src/index.css
7:20:30 PM [vite] (client) hmr update /src/index.css
7:20:30 PM [vite] (client) hmr update /src/index.css
7:20:30 PM [vite] (client) hmr update /src/index.css
7:20:30 PM [vite] (client) hmr update /src/index.css
7:20:30 PM [vite] (client) hmr update /src/index.css
7:20:30 PM [vite] (client) hmr update /src/index.css
7:20:30 PM [vite] (client) hmr update /src/index.css
7:20:30 PM [vite] (client) hmr update /src/index.css
7:20:31 PM [vite] (client) hmr update /src/index.css
7:20:31 PM [vite] (client) hmr update /src/index.css
7:20:31 PM [vite] (client) hmr update /src/index.css
7:20:31 PM [vite] (client) hmr update /src/index.css
7:20:32 PM [vite] (client) hmr update /src/index.css
7:20:32 PM [vite] (client) hmr update /src/TreeEditor.tsx, /src/index.css
7:20:32 PM [vite] (client) hmr update /src/index.css
7:20:32 PM [vite] (client) hmr update /src/index.css
7:20:32 PM [vite] (client) hmr update /src/index.css
7:20:32 PM [vite] (client) hmr update /src/index.css
7:20:32 PM [vite] (client) hmr update /src/index.css
7:29:57 PM [vite] (client) hmr update /src/TreeEditor.tsx, /src/index.css
7:29:57 PM [vite] (client) hmr update /src/index.css
7:29:57 PM [vite] (client) hmr update /src/index.css
7:30:09 PM [vite] (client) hmr update /src/TreeEditor.tsx, /src/index.css
7:30:09 PM [vite] (client) hmr update /src/index.css
7:30:09 PM [vite] (client) hmr update /src/index.css
7:30:25 PM [vite] (client) hmr update /src/TreeEditor.tsx, /src/index.css
7:30:25 PM [vite] (client) hmr update /src/index.css
7:30:25 PM [vite] (client) hmr update /src/index.css
7:30:25 PM [vite] (client) hmr update /src/index.css
7:30:25 PM [vite] (client) hmr update /src/index.css
7:30:25 PM [vite] (client) hmr update /src/index.css
7:30:25 PM [vite] (client) hmr update /src/index.css
7:30:25 PM [vite] (client) hmr update /src/index.css
7:30:26 PM [vite] (client) hmr update /src/index.css
7:30:26 PM [vite] (client) hmr update /src/index.css
7:30:26 PM [vite] (client) hmr update /src/index.css
7:30:26 PM [vite] (client) hmr update /src/index.css
7:30:26 PM [vite] (client) hmr update /src/index.css
7:30:26 PM [vite] (client) hmr update /src/index.css
7:30:26 PM [vite] (client) hmr update /src/index.css
7:30:26 PM [vite] (client) hmr update /src/index.css
7:30:26 PM [vite] (client) hmr update /src/index.css
7:30:54 PM [vite] (client) hmr update /src/TreeEditor.tsx, /src/index.css
7:30:54 PM [vite] (client) hmr update /src/index.css
7:30:55 PM [vite] (client) hmr update /src/index.css
7:30:55 PM [vite] (client) hmr update /src/index.css
7:31:25 PM [vite] (client) hmr update /src/TreeEditor.tsx, /src/index.css
7:31:25 PM [vite] (client) hmr update /src/index.css
7:31:25 PM [vite] (client) hmr update /src/index.css
7:31:25 PM [vite] (client) hmr update /src/index.css
7:31:25 PM [vite] (client) hmr update /src/index.css
7:32:26 PM [vite] (client) hmr update /src/TreeEditor.tsx, /src/index.css
7:32:26 PM [vite] (client) hmr update /src/index.css
7:32:26 PM [vite] (client) hmr update /src/index.css
7:32:26 PM [vite] (client) hmr update /src/index.css
7:32:27 PM [vite] (client) hmr update /src/index.css
7:32:27 PM [vite] (client) hmr update /src/index.css
7:32:27 PM [vite] (client) hmr update /src/index.css
7:32:27 PM [vite] (client) hmr update /src/index.css
7:32:27 PM [vite] (client) hmr update /src/index.css
7:32:27 PM [vite] (client) hmr update /src/index.css
7:32:27 PM [vite] (client) hmr update /src/index.css
7:32:27 PM [vite] (client) hmr update /src/index.css
7:32:28 PM [vite] (client) hmr update /src/index.css
7:32:28 PM [vite] (client) hmr update /src/index.css
7:32:28 PM [vite] (client) hmr update /src/index.css
7:32:28 PM [vite] (client) hmr update /src/index.css
7:32:28 PM [vite] (client) hmr update /src/index.css
7:33:02 PM [vite] (client) hmr update /src/TreeEditor.tsx, /src/index.css
7:33:03 PM [vite] (client) hmr update /src/index.css
7:33:03 PM [vite] (client) hmr update /src/index.css
7:33:03 PM [vite] (client) hmr update /src/index.css
7:33:03 PM [vite] (client) hmr update /src/index.css
7:33:03 PM [vite] (client) hmr update /src/index.css
7:33:03 PM [vite] (client) hmr update /src/index.css
7:33:03 PM [vite] (client) hmr update /src/index.css
7:33:03 PM [vite] (client) hmr update /src/index.css
7:33:03 PM [vite] (client) hmr update /src/index.css
7:33:04 PM [vite] (client) hmr update /src/index.css
7:33:28 PM [vite] (client) hmr update /src/TreeEditor.tsx, /src/index.css
7:33:28 PM [vite] (client) hmr update /src/index.css
7:33:28 PM [vite] (client) hmr update /src/index.css
7:33:28 PM [vite] (client) hmr update /src/index.css
7:33:29 PM [vite] (client) hmr update /src/index.css
7:33:29 PM [vite] (client) hmr update /src/index.css
7:33:29 PM [vite] (client) hmr update /src/index.css
7:33:29 PM [vite] (client) hmr update /src/index.css
7:33:29 PM [vite] (client) hmr update /src/index.css
7:33:29 PM [vite] (client) hmr update /src/index.css
7:33:29 PM [vite] (client) hmr update /src/index.css
7:33:29 PM [vite] (client) hmr update /src/index.css
7:33:29 PM [vite] (client) hmr update /src/index.css
7:34:38 PM [vite] (client) hmr update /src/TreeEditor.tsx, /src/index.css
7:34:38 PM [vite] (client) hmr update /src/index.css
7:34:38 PM [vite] (client) hmr update /src/index.css
7:34:38 PM [vite] (client) hmr update /src/index.css
7:34:39 PM [vite] (client) hmr update /src/index.css
7:34:39 PM [vite] (client) hmr update /src/index.css
7:34:39 PM [vite] (client) hmr update /src/index.css
7:34:39 PM [vite] (client) hmr update /src/index.css
7:34:39 PM [vite] (client) hmr update /src/index.css
7:34:39 PM [vite] (client) hmr update /src/index.css
7:34:39 PM [vite] (client) hmr update /src/index.css
7:34:39 PM [vite] (client) hmr update /src/index.css
7:34:40 PM [vite] (client) hmr update /src/index.css
7:34:40 PM [vite] (client) hmr update /src/index.css
7:34:40 PM [vite] (client) hmr update /src/index.css
7:34:40 PM [vite] (client) hmr update /src/index.css
7:34:40 PM [vite] (client) hmr update /src/index.css
7:34:40 PM [vite] (client) hmr update /src/index.css
7:34:40 PM [vite] (client) hmr update /src/index.css
7:34:40 PM [vite] (client) hmr update /src/index.css
7:34:40 PM [vite] (client) hmr update /src/index.css
7:39:18 PM [vite] (client) hmr update /src/TreeEditor.tsx, /src/index.css
7:39:18 PM [vite] (client) hmr update /src/index.css
7:39:18 PM [vite] (client) hmr update /src/index.css
7:39:18 PM [vite] (client) hmr update /src/index.css
7:39:18 PM [vite] (client) hmr update /src/index.css
7:39:48 PM [vite] (client) hmr update /src/TreeEditor.tsx, /src/index.css
7:39:48 PM [vite] (client) hmr update /src/index.css
7:39:48 PM [vite] (client) hmr update /src/index.css
7:39:49 PM [vite] (client) hmr update /src/index.css
7:39:49 PM [vite] (client) hmr update /src/index.css
7:39:49 PM [vite] (client) hmr update /src/index.css
7:39:49 PM [vite] (client) hmr update /src/index.css
7:39:49 PM [vite] (client) hmr update /src/index.css
7:39:49 PM [vite] (client) hmr update /src/index.css
7:39:49 PM [vite] (client) hmr update /src/index.css
7:40:45 PM [vite] (client) hmr update /src/TreeEditor.tsx, /src/index.css
7:40:45 PM [vite] (client) hmr update /src/index.css
7:40:45 PM [vite] (client) hmr update /src/index.css
7:40:45 PM [vite] (client) hmr update /src/index.css
7:40:45 PM [vite] (client) hmr update /src/index.css
7:40:52 PM [vite] (client) hmr update /src/TreeEditor.tsx, /src/index.css
7:40:52 PM [vite] (client) hmr update /src/index.css
7:41:02 PM [vite] (client) hmr update /src/TreeEditor.tsx, /src/index.css
7:41:02 PM [vite] (client) hmr update /src/index.css
7:41:02 PM [vite] (client) hmr update /src/index.css
7:41:02 PM [vite] (client) hmr update /src/index.css
7:41:02 PM [vite] (client) hmr update /src/index.css
7:41:02 PM [vite] (client) hmr update /src/index.css
7:41:21 PM [vite] (client) hmr update /src/TreeEditor.tsx, /src/index.css
7:41:21 PM [vite] (client) hmr update /src/index.css
7:41:45 PM [vite] (client) hmr update /src/TreeEditor.tsx, /src/index.css
7:41:45 PM [vite] (client) hmr update /src/index.css
7:41:45 PM [vite] (client) hmr update /src/index.css
7:41:46 PM [vite] (client) hmr update /src/index.css
7:41:46 PM [vite] (client) hmr update /src/index.css
7:41:46 PM [vite] (client) hmr update /src/index.css
7:42:21 PM [vite] (client) hmr update /src/TreeEditor.tsx, /src/index.css
7:42:21 PM [vite] (client) hmr update /src/index.css
7:42:22 PM [vite] (client) hmr update /src/index.css
7:42:22 PM [vite] (client) hmr update /src/index.css
7:42:22 PM [vite] (client) hmr update /src/index.css
7:42:22 PM [vite] (client) hmr update /src/index.css
7:42:22 PM [vite] (client) hmr update /src/index.css
8:00:39 PM [vite] (client) hmr update /src/TreeEditor.tsx, /src/index.css
8:00:39 PM [vite] (client) hmr update /src/index.css
8:00:39 PM [vite] (client) hmr update /src/index.css
8:00:39 PM [vite] (client) hmr update /src/index.css
8:00:39 PM [vite] (client) hmr update /src/index.css
8:00:59 PM [vite] (client) hmr update /src/TreeEditor.tsx, /src/index.css
8:00:59 PM [vite] (client) hmr update /src/index.css
8:01:00 PM [vite] (client) hmr update /src/index.css
8:01:00 PM [vite] (client) hmr update /src/index.css
8:01:58 PM [vite] (client) hmr update /src/TreeEditor.tsx, /src/index.css
8:01:58 PM [vite] (client) hmr update /src/index.css
8:01:59 PM [vite] (client) hmr update /src/index.css
8:01:59 PM [vite] (client) hmr update /src/index.css
8:01:59 PM [vite] (client) hmr update /src/index.css
8:02:48 PM [vite] (client) hmr update /src/TreeEditor.tsx, /src/index.css
8:02:48 PM [vite] (client) hmr update /src/index.css
8:02:48 PM [vite] (client) hmr update /src/index.css
8:02:48 PM [vite] (client) hmr update /src/index.css
8:02:48 PM [vite] (client) hmr update /src/index.css
8:03:20 PM [vite] (client) hmr update /src/TreeEditor.tsx, /src/index.css
8:03:20 PM [vite] (client) hmr update /src/index.css
8:03:20 PM [vite] (client) hmr update /src/index.css
8:03:20 PM [vite] (client) hmr update /src/index.css
8:03:20 PM [vite] (client) hmr update /src/index.css
8:03:45 PM [vite] (client) hmr update /src/TreeEditor.tsx, /src/index.css
8:03:45 PM [vite] (client) hmr update /src/index.css
8:03:45 PM [vite] (client) hmr update /src/index.css
8:03:46 PM [vite] (client) hmr update /src/index.css
2:46:23 PM [vite] vite.config.ts changed, restarting server...
2:46:23 PM [vite] (client) hmr update /src/index.css
2:46:23 PM [vite] (client) hmr update /src/index.css
2:46:23 PM [vite] server restarted.

  ➜  Local:   http://localhost:5173/phylo/
  ➜  Network: http://192.168.50.34:5173/phylo/
  ➜  Network: http://172.17.0.1:5173/phylo/
2:59:49 PM [vite] vite.config.ts changed, restarting server...
2:59:49 PM [vite] server restarted.

  ➜  Local:   http://localhost:5173/
  ➜  Network: http://192.168.50.34:5173/
  ➜  Network: http://172.17.0.1:5173/
